# JRE version: OpenJDK Runtime Environment Temurin-17.0.7+7 (17.0.7+7) (build 17.0.7+7)
# Java VM: OpenJDK 64-Bit Server VM Temurin-17.0.7+7 (17.0.7+7, mixed mode, tiered, compressed oops, compressed class ptrs, parallel gc, windows-amd64)
GC Precious Log:
 CPUs: 4 total, 4 available
 Memory: 8139M
 Large Page Support: Disabled
 NUMA Support: Disabled
 Compressed Oops: Enabled (32-bit)
 Alignments: Space 512K, Generation 512K, Heap 2M
 Heap Min Capacity: 100M
 Heap Initial Capacity: 100M
 Heap Max Capacity: 1G
 Pre-touch: Disabled
 Parallel Workers: 4
Heap:
 PSYoungGen      total 2560K, used 2432K [0x00000000eab00000, 0x00000000eb180000, 0x0000000100000000)
  eden space 2048K, 100% used [0x00000000eab00000,0x00000000ead00000,0x00000000ead00000)
  from space 512K, 75% used [0x00000000eb080000,0x00000000eb0e0000,0x00000000eb100000)
  to   space 512K, 86% used [0x00000000eb100000,0x00000000eb16e900,0x00000000eb180000)
 ParOldGen       total 196608K, used 142244K [0x00000000c0000000, 0x00000000cc000000, 0x00000000eab00000)
  object space 196608K, 72% used [0x00000000c0000000,0x00000000c8ae9350,0x00000000cc000000)
 Metaspace       used 95159K, committed 96640K, reserved 1179648K
  class space    used 9408K, committed 9984K, reserved 1048576K
GC Heap History (20 events):
Event: 25733.540 GC heap after
{Heap after GC invocations=6153 (full 105):
 PSYoungGen      total 4096K, used 1824K [0x00000000eab00000, 0x00000000eb480000, 0x0000000100000000)
  eden space 2048K, 0% used [0x00000000eab00000,0x00000000eab00000,0x00000000ead00000)
  from space 2048K, 89% used [0x00000000eb280000,0x00000000eb448000,0x00000000eb480000)
  to   space 3072K, 0% used [0x00000000eae80000,0x00000000eae80000,0x00000000eb180000)
 ParOldGen       total 196608K, used 136725K [0x00000000c0000000, 0x00000000cc000000, 0x00000000eab00000)
  object space 196608K, 69% used [0x00000000c0000000,0x00000000c8585650,0x00000000cc000000)
 Metaspace       used 95159K, committed 96640K, reserved 1179648K
  class space    used 9408K, committed 9984K, reserved 1048576K
}
Event: 25733.559 GC heap before
{Heap before GC invocations=6154 (full 105):
 PSYoungGen      total 4096K, used 3871K [0x00000000eab00000, 0x00000000eb480000, 0x0000000100000000)
  eden space 2048K, 99% used [0x00000000eab00000,0x00000000eacfffe8,0x00000000ead00000)
  from space 2048K, 89% used [0x00000000eb280000,0x00000000eb448000,0x00000000eb480000)
  to   space 3072K, 0% used [0x00000000eae80000,0x00000000eae80000,0x00000000eb180000)
 ParOldGen       total 196608K, used 136725K [0x00000000c0000000, 0x00000000cc000000, 0x00000000eab00000)
  object space 196608K, 69% used [0x00000000c0000000,0x00000000c8585650,0x00000000cc000000)
 Metaspace       used 95159K, committed 96640K, reserved 1179648K
  class space    used 9408K, committed 9984K, reserved 1048576K
}
Event: 25733.563 GC heap after
{Heap after GC invocations=6154 (full 105):
 PSYoungGen      total 3584K, used 1236K [0x00000000eab00000, 0x00000000eb300000, 0x0000000100000000)
  eden space 2048K, 0% used [0x00000000eab00000,0x00000000eab00000,0x00000000ead00000)
  from space 1536K, 80% used [0x00000000eae80000,0x00000000eafb5200,0x00000000eb000000)
  to   space 2048K, 0% used [0x00000000eb100000,0x00000000eb100000,0x00000000eb300000)
 ParOldGen       total 196608K, used 138485K [0x00000000c0000000, 0x00000000cc000000, 0x00000000eab00000)
  object space 196608K, 70% used [0x00000000c0000000,0x00000000c873d650,0x00000000cc000000)
 Metaspace       used 95159K, committed 96640K, reserved 1179648K
  class space    used 9408K, committed 9984K, reserved 1048576K
}
Event: 25733.573 GC heap before
{Heap before GC invocations=6155 (full 105):
 PSYoungGen      total 3584K, used 3284K [0x00000000eab00000, 0x00000000eb300000, 0x0000000100000000)
  eden space 2048K, 100% used [0x00000000eab00000,0x00000000ead00000,0x00000000ead00000)
  from space 1536K, 80% used [0x00000000eae80000,0x00000000eafb5200,0x00000000eb000000)
  to   space 2048K, 0% used [0x00000000eb100000,0x00000000eb100000,0x00000000eb300000)
 ParOldGen       total 196608K, used 138485K [0x00000000c0000000, 0x00000000cc000000, 0x00000000eab00000)
  object space 196608K, 70% used [0x00000000c0000000,0x00000000c873d650,0x00000000cc000000)
 Metaspace       used 95159K, committed 96640K, reserved 1179648K
  class space    used 9408K, committed 9984K, reserved 1048576K
}
Event: 25733.575 GC heap after
{Heap after GC invocations=6155 (full 105):
 PSYoungGen      total 2560K, used 416K [0x00000000eab00000, 0x00000000eb180000, 0x0000000100000000)
  eden space 2048K, 0% used [0x00000000eab00000,0x00000000eab00000,0x00000000ead00000)
  from space 512K, 81% used [0x00000000eb100000,0x00000000eb168000,0x00000000eb180000)
  to   space 1024K, 0% used [0x00000000eaf80000,0x00000000eaf80000,0x00000000eb080000)
 ParOldGen       total 196608K, used 139666K [0x00000000c0000000, 0x00000000cc000000, 0x00000000eab00000)
  object space 196608K, 71% used [0x00000000c0000000,0x00000000c8864850,0x00000000cc000000)
 Metaspace       used 95159K, committed 96640K, reserved 1179648K
  class space    used 9408K, committed 9984K, reserved 1048576K
}
Event: 25733.645 GC heap before
{Heap before GC invocations=6156 (full 105):
 PSYoungGen      total 2560K, used 2464K [0x00000000eab00000, 0x00000000eb180000, 0x0000000100000000)
  eden space 2048K, 100% used [0x00000000eab00000,0x00000000ead00000,0x00000000ead00000)
  from space 512K, 81% used [0x00000000eb100000,0x00000000eb168000,0x00000000eb180000)
  to   space 1024K, 0% used [0x00000000eaf80000,0x00000000eaf80000,0x00000000eb080000)
 ParOldGen       total 196608K, used 139666K [0x00000000c0000000, 0x00000000cc000000, 0x00000000eab00000)
  object space 196608K, 71% used [0x00000000c0000000,0x00000000c8864850,0x00000000cc000000)
 Metaspace       used 95159K, committed 96640K, reserved 1179648K
  class space    used 9408K, committed 9984K, reserved 1048576K
}
Event: 25733.646 GC heap after
{Heap after GC invocations=6156 (full 105):
 PSYoungGen      total 3072K, used 340K [0x00000000eab00000, 0x00000000eb180000, 0x0000000100000000)
  eden space 2048K, 0% used [0x00000000eab00000,0x00000000eab00000,0x00000000ead00000)
  from space 1024K, 33% used [0x00000000eaf80000,0x00000000eafd5200,0x00000000eb080000)
  to   space 512K, 0% used [0x00000000eb100000,0x00000000eb100000,0x00000000eb180000)
 ParOldGen       total 196608K, used 140018K [0x00000000c0000000, 0x00000000cc000000, 0x00000000eab00000)
  object space 196608K, 71% used [0x00000000c0000000,0x00000000c88bc870,0x00000000cc000000)
 Metaspace       used 95159K, committed 96640K, reserved 1179648K
  class space    used 9408K, committed 9984K, reserved 1048576K
}
Event: 25733.663 GC heap before
{Heap before GC invocations=6157 (full 105):
 PSYoungGen      total 3072K, used 2388K [0x00000000eab00000, 0x00000000eb180000, 0x0000000100000000)
  eden space 2048K, 100% used [0x00000000eab00000,0x00000000ead00000,0x00000000ead00000)
  from space 1024K, 33% used [0x00000000eaf80000,0x00000000eafd5200,0x00000000eb080000)
  to   space 512K, 0% used [0x00000000eb100000,0x00000000eb100000,0x00000000eb180000)
 ParOldGen       total 196608K, used 140018K [0x00000000c0000000, 0x00000000cc000000, 0x00000000eab00000)
  object space 196608K, 71% used [0x00000000c0000000,0x00000000c88bc870,0x00000000cc000000)
 Metaspace       used 95159K, committed 96640K, reserved 1179648K
  class space    used 9408K, committed 9984K, reserved 1048576K
}
Event: 25733.665 GC heap after
{Heap after GC invocations=6157 (full 105):
 PSYoungGen      total 2560K, used 458K [0x00000000eab00000, 0x00000000eb180000, 0x0000000100000000)
  eden space 2048K, 0% used [0x00000000eab00000,0x00000000eab00000,0x00000000ead00000)
  from space 512K, 89% used [0x00000000eb100000,0x00000000eb172910,0x00000000eb180000)
  to   space 512K, 0% used [0x00000000eb080000,0x00000000eb080000,0x00000000eb100000)
 ParOldGen       total 196608K, used 140122K [0x00000000c0000000, 0x00000000cc000000, 0x00000000eab00000)
  object space 196608K, 71% used [0x00000000c0000000,0x00000000c88d6870,0x00000000cc000000)
 Metaspace       used 95159K, committed 96640K, reserved 1179648K
  class space    used 9408K, committed 9984K, reserved 1048576K
}
Event: 25733.675 GC heap before
{Heap before GC invocations=6158 (full 105):
 PSYoungGen      total 2560K, used 2506K [0x00000000eab00000, 0x00000000eb180000, 0x0000000100000000)
  eden space 2048K, 100% used [0x00000000eab00000,0x00000000ead00000,0x00000000ead00000)
  from space 512K, 89% used [0x00000000eb100000,0x00000000eb172910,0x00000000eb180000)
  to   space 512K, 0% used [0x00000000eb080000,0x00000000eb080000,0x00000000eb100000)
 ParOldGen       total 196608K, used 140122K [0x00000000c0000000, 0x00000000cc000000, 0x00000000eab00000)
  object space 196608K, 71% used [0x00000000c0000000,0x00000000c88d6870,0x00000000cc000000)
 Metaspace       used 95159K, committed 96640K, reserved 1179648K
  class space    used 9408K, committed 9984K, reserved 1048576K
}
Event: 25733.676 GC heap after
{Heap after GC invocations=6158 (full 105):
 PSYoungGen      total 2560K, used 288K [0x00000000eab00000, 0x00000000eb180000, 0x0000000100000000)
  eden space 2048K, 0% used [0x00000000eab00000,0x00000000eab00000,0x00000000ead00000)
  from space 512K, 56% used [0x00000000eb080000,0x00000000eb0c8000,0x00000000eb100000)
  to   space 512K, 0% used [0x00000000eb100000,0x00000000eb100000,0x00000000eb180000)
 ParOldGen       total 196608K, used 140494K [0x00000000c0000000, 0x00000000cc000000, 0x00000000eab00000)
  object space 196608K, 71% used [0x00000000c0000000,0x00000000c8933a90,0x00000000cc000000)
 Metaspace       used 95159K, committed 96640K, reserved 1179648K
  class space    used 9408K, committed 9984K, reserved 1048576K
}
Event: 25733.779 GC heap before
{Heap before GC invocations=6159 (full 105):
 PSYoungGen      total 2560K, used 2335K [0x00000000eab00000, 0x00000000eb180000, 0x0000000100000000)
  eden space 2048K, 99% used [0x00000000eab00000,0x00000000eacffff0,0x00000000ead00000)
  from space 512K, 56% used [0x00000000eb080000,0x00000000eb0c8000,0x00000000eb100000)
  to   space 512K, 0% used [0x00000000eb100000,0x00000000eb100000,0x00000000eb180000)
 ParOldGen       total 196608K, used 140494K [0x00000000c0000000, 0x00000000cc000000, 0x00000000eab00000)
  object space 196608K, 71% used [0x00000000c0000000,0x00000000c8933a90,0x00000000cc000000)
 Metaspace       used 95159K, committed 96640K, reserved 1179648K
  class space    used 9408K, committed 9984K, reserved 1048576K
}
Event: 25733.781 GC heap after
{Heap after GC invocations=6159 (full 105):
 PSYoungGen      total 2560K, used 436K [0x00000000eab00000, 0x00000000eb180000, 0x0000000100000000)
  eden space 2048K, 0% used [0x00000000eab00000,0x00000000eab00000,0x00000000ead00000)
  from space 512K, 85% used [0x00000000eb100000,0x00000000eb16d200,0x00000000eb180000)
  to   space 512K, 0% used [0x00000000eb080000,0x00000000eb080000,0x00000000eb100000)
 ParOldGen       total 196608K, used 140766K [0x00000000c0000000, 0x00000000cc000000, 0x00000000eab00000)
  object space 196608K, 71% used [0x00000000c0000000,0x00000000c8977ab0,0x00000000cc000000)
 Metaspace       used 95159K, committed 96640K, reserved 1179648K
  class space    used 9408K, committed 9984K, reserved 1048576K
}
Event: 25733.794 GC heap before
{Heap before GC invocations=6160 (full 105):
 PSYoungGen      total 2560K, used 2484K [0x00000000eab00000, 0x00000000eb180000, 0x0000000100000000)
  eden space 2048K, 100% used [0x00000000eab00000,0x00000000ead00000,0x00000000ead00000)
  from space 512K, 85% used [0x00000000eb100000,0x00000000eb16d200,0x00000000eb180000)
  to   space 512K, 0% used [0x00000000eb080000,0x00000000eb080000,0x00000000eb100000)
 ParOldGen       total 196608K, used 140766K [0x00000000c0000000, 0x00000000cc000000, 0x00000000eab00000)
  object space 196608K, 71% used [0x00000000c0000000,0x00000000c8977ab0,0x00000000cc000000)
 Metaspace       used 95159K, committed 96640K, reserved 1179648K
  class space    used 9408K, committed 9984K, reserved 1048576K
}
Event: 25733.795 GC heap after
{Heap after GC invocations=6160 (full 105):
 PSYoungGen      total 2560K, used 480K [0x00000000eab00000, 0x00000000eb180000, 0x0000000100000000)
  eden space 2048K, 0% used [0x00000000eab00000,0x00000000eab00000,0x00000000ead00000)
  from space 512K, 93% used [0x00000000eb080000,0x00000000eb0f8000,0x00000000eb100000)
  to   space 512K, 0% used [0x00000000eb100000,0x00000000eb100000,0x00000000eb180000)
 ParOldGen       total 196608K, used 141132K [0x00000000c0000000, 0x00000000cc000000, 0x00000000eab00000)
  object space 196608K, 71% used [0x00000000c0000000,0x00000000c89d3120,0x00000000cc000000)
 Metaspace       used 95159K, committed 96640K, reserved 1179648K
  class space    used 9408K, committed 9984K, reserved 1048576K
}
Event: 25734.048 GC heap before
{Heap before GC invocations=6161 (full 105):
 PSYoungGen      total 2560K, used 2527K [0x00000000eab00000, 0x00000000eb180000, 0x0000000100000000)
  eden space 2048K, 99% used [0x00000000eab00000,0x00000000eacfffe8,0x00000000ead00000)
  from space 512K, 93% used [0x00000000eb080000,0x00000000eb0f8000,0x00000000eb100000)
  to   space 512K, 0% used [0x00000000eb100000,0x00000000eb100000,0x00000000eb180000)
 ParOldGen       total 196608K, used 141132K [0x00000000c0000000, 0x00000000cc000000, 0x00000000eab00000)
  object space 196608K, 71% used [0x00000000c0000000,0x00000000c89d3120,0x00000000cc000000)
 Metaspace       used 95159K, committed 96640K, reserved 1179648K
  class space    used 9408K, committed 9984K, reserved 1048576K
}
Event: 25734.049 GC heap after
{Heap after GC invocations=6161 (full 105):
 PSYoungGen      total 2560K, used 410K [0x00000000eab00000, 0x00000000eb180000, 0x0000000100000000)
  eden space 2048K, 0% used [0x00000000eab00000,0x00000000eab00000,0x00000000ead00000)
  from space 512K, 80% used [0x00000000eb100000,0x00000000eb166900,0x00000000eb180000)
  to   space 512K, 0% used [0x00000000eb080000,0x00000000eb080000,0x00000000eb100000)
 ParOldGen       total 196608K, used 141560K [0x00000000c0000000, 0x00000000cc000000, 0x00000000eab00000)
  object space 196608K, 72% used [0x00000000c0000000,0x00000000c8a3e130,0x00000000cc000000)
 Metaspace       used 95159K, committed 96640K, reserved 1179648K
  class space    used 9408K, committed 9984K, reserved 1048576K
}
Event: 25734.062 GC heap before
{Heap before GC invocations=6162 (full 105):
 PSYoungGen      total 2560K, used 2458K [0x00000000eab00000, 0x00000000eb180000, 0x0000000100000000)
  eden space 2048K, 99% used [0x00000000eab00000,0x00000000eacffff8,0x00000000ead00000)
  from space 512K, 80% used [0x00000000eb100000,0x00000000eb166900,0x00000000eb180000)
  to   space 512K, 0% used [0x00000000eb080000,0x00000000eb080000,0x00000000eb100000)
 ParOldGen       total 196608K, used 141560K [0x00000000c0000000, 0x00000000cc000000, 0x00000000eab00000)
  object space 196608K, 72% used [0x00000000c0000000,0x00000000c8a3e130,0x00000000cc000000)
 Metaspace       used 95159K, committed 96640K, reserved 1179648K
  class space    used 9408K, committed 9984K, reserved 1048576K
}
Event: 25734.064 GC heap after
{Heap after GC invocations=6162 (full 105):
 PSYoungGen      total 2560K, used 384K [0x00000000eab00000, 0x00000000eb180000, 0x0000000100000000)
  eden space 2048K, 0% used [0x00000000eab00000,0x00000000eab00000,0x00000000ead00000)
  from space 512K, 75% used [0x00000000eb080000,0x00000000eb0e0000,0x00000000eb100000)
  to   space 512K, 0% used [0x00000000eb100000,0x00000000eb100000,0x00000000eb180000)
 ParOldGen       total 196608K, used 141908K [0x00000000c0000000, 0x00000000cc000000, 0x00000000eab00000)
  object space 196608K, 72% used [0x00000000c0000000,0x00000000c8a95330,0x00000000cc000000)
 Metaspace       used 95159K, committed 96640K, reserved 1179648K
  class space    used 9408K, committed 9984K, reserved 1048576K
}
Event: 25734.083 GC heap before
{Heap before GC invocations=6163 (full 105):
 PSYoungGen      total 2560K, used 2432K [0x00000000eab00000, 0x00000000eb180000, 0x0000000100000000)
  eden space 2048K, 100% used [0x00000000eab00000,0x00000000ead00000,0x00000000ead00000)
  from space 512K, 75% used [0x00000000eb080000,0x00000000eb0e0000,0x00000000eb100000)
  to   space 512K, 0% used [0x00000000eb100000,0x00000000eb100000,0x00000000eb180000)
 ParOldGen       total 196608K, used 141908K [0x00000000c0000000, 0x00000000cc000000, 0x00000000eab00000)
  object space 196608K, 72% used [0x00000000c0000000,0x00000000c8a95330,0x00000000cc000000)
 Metaspace       used 95159K, committed 96640K, reserved 1179648K
  class space    used 9408K, committed 9984K, reserved 1048576K
}

